d:\github\game_aladdin\game_aladdin\debug\vc142.pdb
d:\github\game_aladdin\game_aladdin\debug\vc142.idb
d:\github\game_aladdin\game_aladdin\debug\shield.obj
d:\github\game_aladdin\game_aladdin\debug\rope.obj
d:\github\game_aladdin\game_aladdin\debug\rock.obj
d:\github\game_aladdin\game_aladdin\debug\objecttile.obj
d:\github\game_aladdin\game_aladdin\debug\item.obj
d:\github\game_aladdin\game_aladdin\debug\ground.obj
d:\github\game_aladdin\game_aladdin\debug\grid.obj
d:\github\game_aladdin\game_aladdin\debug\gameobject.obj
d:\github\game_aladdin\game_aladdin\debug\game.obj
d:\github\game_aladdin\game_aladdin\debug\effect.obj
d:\github\game_aladdin\game_aladdin\debug\dumbbell.obj
d:\github\game_aladdin\game_aladdin\debug\define.obj
d:\github\game_aladdin\game_aladdin\debug\debug.obj
d:\github\game_aladdin\game_aladdin\debug\checkpoint.obj
d:\github\game_aladdin\game_aladdin\debug\camera.obj
d:\github\game_aladdin\game_aladdin\debug\bulletbegin.obj
d:\github\game_aladdin\game_aladdin\debug\bullet.obj
d:\github\game_aladdin\game_aladdin\debug\bossone.obj
d:\github\game_aladdin\game_aladdin\debug\bossbullet.obj
d:\github\game_aladdin\game_aladdin\debug\ball.obj
d:\github\game_aladdin\game_aladdin\debug\zombie.obj
d:\github\game_aladdin\game_aladdin\debug\whip.obj
d:\github\game_aladdin\game_aladdin\debug\weapon.obj
d:\github\game_aladdin\game_aladdin\debug\water.obj
d:\github\game_aladdin\game_aladdin\debug\textures.obj
d:\github\game_aladdin\game_aladdin\debug\sprites.obj
d:\github\game_aladdin\game_aladdin\debug\spike.obj
d:\github\game_aladdin\game_aladdin\debug\source.obj
d:\github\game_aladdin\game_aladdin\debug\soldier.obj
d:\github\game_aladdin\game_aladdin\debug\aladdin.obj
d:\github\game_aladdin\game_aladdin\debug\map.obj
d:\github\game_aladdin\game_aladdin\debug\pillar.obj
d:\game\game_aladdin-master\game_aladdin-master\game_aladdin\debug\game_aladdin.ilk
d:\game\game_aladdin-master\game_aladdin-master\game_aladdin\debug\game_aladdin.exe
d:\game\game_aladdin-master\game_aladdin-master\game_aladdin\debug\game_aladdin.pdb
d:\github\game_aladdin\game_aladdin\debug\game_aladdin.exe
d:\github\game_aladdin\game_aladdin\debug\game_aladdin.ilk
d:\github\game_aladdin\game_aladdin\debug\game_aladdin.pdb
d:\github\game_aladdin\game_aladdin\debug\vc141.idb
d:\github\game_aladdin\game_aladdin\debug\vc141.pdb
d:\github\game_aladdin\game_aladdin\debug\game_aladdin.tlog\cl.command.1.tlog
d:\github\game_aladdin\game_aladdin\debug\game_aladdin.tlog\cl.read.1.tlog
d:\github\game_aladdin\game_aladdin\debug\game_aladdin.tlog\cl.write.1.tlog
d:\github\game_aladdin\game_aladdin\debug\game_aladdin.tlog\link.command.1.tlog
d:\github\game_aladdin\game_aladdin\debug\game_aladdin.tlog\link.read.1.tlog
d:\github\game_aladdin\game_aladdin\debug\game_aladdin.tlog\link.write.1.tlog
